
================================================================================
ANÁLISIS LÉXICO DEL ARCHIVO: algoritmo2.go
Fecha: 2025-11-27 21:18:03
Usuario: SKEIILAT
================================================================================

Token: PACKAGE              | Valor: package                        | Línea:    5 | Columna:    1
Token: ID                   | Valor: main                           | Línea:    5 | Columna:    9
Token: IMPORT               | Valor: import                         | Línea:    7 | Columna:    1
Token: STRING_LITERAL       | Valor: fmt                            | Línea:    7 | Columna:    8
Token: FUNC                 | Valor: func                           | Línea:    9 | Columna:    1
Token: ID                   | Valor: main                           | Línea:    9 | Columna:    6
Token: LPAREN               | Valor: (                              | Línea:    9 | Columna:    0
Token: RPAREN               | Valor: )                              | Línea:    9 | Columna:    0
Token: LBRACE               | Valor: {                              | Línea:    9 | Columna:    0
Token: ID                   | Valor: edad                           | Línea:   11 | Columna:    5
Token: DECLARE_ASSIGN       | Valor: :=                             | Línea:   11 | Columna:    0
Token: INT_LITERAL          | Valor: 25                             | Línea:   11 | Columna:   13
Token: ID                   | Valor: puntuacion                     | Línea:   12 | Columna:    5
Token: DECLARE_ASSIGN       | Valor: :=                             | Línea:   12 | Columna:    0
Token: INT_LITERAL          | Valor: 85                             | Línea:   12 | Columna:   19
Token: ID                   | Valor: dia                            | Línea:   13 | Columna:    5
Token: DECLARE_ASSIGN       | Valor: :=                             | Línea:   13 | Columna:    0
Token: STRING_LITERAL       | Valor: lunes                          | Línea:   13 | Columna:   12
Token: ID                   | Valor: numeros                        | Línea:   14 | Columna:    5
Token: DECLARE_ASSIGN       | Valor: :=                             | Línea:   14 | Columna:    0
Token: LBRACKET             | Valor: [                              | Línea:   14 | Columna:    0
Token: RBRACKET             | Valor: ]                              | Línea:   14 | Columna:    0
Token: ID                   | Valor: int                            | Línea:   14 | Columna:   18
Token: LBRACE               | Valor: {                              | Línea:   14 | Columna:    0
Token: INT_LITERAL          | Valor: 1                              | Línea:   14 | Columna:   22
Token: COMMA                | Valor: ,                              | Línea:   14 | Columna:    0
Token: INT_LITERAL          | Valor: 2                              | Línea:   14 | Columna:   25
Token: COMMA                | Valor: ,                              | Línea:   14 | Columna:    0
Token: INT_LITERAL          | Valor: 3                              | Línea:   14 | Columna:   28
Token: COMMA                | Valor: ,                              | Línea:   14 | Columna:    0
Token: INT_LITERAL          | Valor: 4                              | Línea:   14 | Columna:   31
Token: COMMA                | Valor: ,                              | Línea:   14 | Columna:    0
Token: INT_LITERAL          | Valor: 5                              | Línea:   14 | Columna:   34
Token: COMMA                | Valor: ,                              | Línea:   14 | Columna:    0
Token: INT_LITERAL          | Valor: 6                              | Línea:   14 | Columna:   37
Token: COMMA                | Valor: ,                              | Línea:   14 | Columna:    0
Token: INT_LITERAL          | Valor: 7                              | Línea:   14 | Columna:   40
Token: COMMA                | Valor: ,                              | Línea:   14 | Columna:    0
Token: INT_LITERAL          | Valor: 8                              | Línea:   14 | Columna:   43
Token: COMMA                | Valor: ,                              | Línea:   14 | Columna:    0
Token: INT_LITERAL          | Valor: 9                              | Línea:   14 | Columna:   46
Token: COMMA                | Valor: ,                              | Línea:   14 | Columna:    0
Token: INT_LITERAL          | Valor: 10                             | Línea:   14 | Columna:   49
Token: RBRACE               | Valor: }                              | Línea:   14 | Columna:    0
Token: IF                   | Valor: if                             | Línea:   17 | Columna:    5
Token: ID                   | Valor: edad                           | Línea:   17 | Columna:    8
Token: GE                   | Valor: >=                             | Línea:   17 | Columna:    0
Token: INT_LITERAL          | Valor: 18                             | Línea:   17 | Columna:   16
Token: LBRACE               | Valor: {                              | Línea:   17 | Columna:    0
Token: ID                   | Valor: fmt                            | Línea:   18 | Columna:    9
Token: DOT                  | Valor: .                              | Línea:   18 | Columna:    0
Token: ID                   | Valor: Println                        | Línea:   18 | Columna:   13
Token: LPAREN               | Valor: (                              | Línea:   18 | Columna:    0
Token: STRING_LITERAL       | Valor: Mayor de edad                  | Línea:   18 | Columna:   21
Token: RPAREN               | Valor: )                              | Línea:   18 | Columna:    0
Token: RBRACE               | Valor: }                              | Línea:   19 | Columna:    0
Token: ELSE                 | Valor: else                           | Línea:   19 | Columna:    7
Token: LBRACE               | Valor: {                              | Línea:   19 | Columna:    0
Token: ID                   | Valor: fmt                            | Línea:   20 | Columna:    9
Token: DOT                  | Valor: .                              | Línea:   20 | Columna:    0
Token: ID                   | Valor: Println                        | Línea:   20 | Columna:   13
Token: LPAREN               | Valor: (                              | Línea:   20 | Columna:    0
Token: STRING_LITERAL       | Valor: Menor de edad                  | Línea:   20 | Columna:   21
Token: RPAREN               | Valor: )                              | Línea:   20 | Columna:    0
Token: RBRACE               | Valor: }                              | Línea:   21 | Columna:    0
Token: IF                   | Valor: if                             | Línea:   24 | Columna:    5
Token: ID                   | Valor: puntuacion                     | Línea:   24 | Columna:    8
Token: GE                   | Valor: >=                             | Línea:   24 | Columna:    0
Token: INT_LITERAL          | Valor: 90                             | Línea:   24 | Columna:   22
Token: LBRACE               | Valor: {                              | Línea:   24 | Columna:    0
Token: ID                   | Valor: fmt                            | Línea:   25 | Columna:    9
Token: DOT                  | Valor: .                              | Línea:   25 | Columna:    0
Token: ID                   | Valor: Println                        | Línea:   25 | Columna:   13
Token: LPAREN               | Valor: (                              | Línea:   25 | Columna:    0
Token: STRING_LITERAL       | Valor: Calificación: A                | Línea:   25 | Columna:   21
Token: RPAREN               | Valor: )                              | Línea:   25 | Columna:    0
Token: RBRACE               | Valor: }                              | Línea:   26 | Columna:    0
Token: ELSE                 | Valor: else                           | Línea:   26 | Columna:    7
Token: IF                   | Valor: if                             | Línea:   26 | Columna:   12
Token: ID                   | Valor: puntuacion                     | Línea:   26 | Columna:   15
Token: GE                   | Valor: >=                             | Línea:   26 | Columna:    0
Token: INT_LITERAL          | Valor: 80                             | Línea:   26 | Columna:   29
Token: LBRACE               | Valor: {                              | Línea:   26 | Columna:    0
Token: ID                   | Valor: fmt                            | Línea:   27 | Columna:    9
Token: DOT                  | Valor: .                              | Línea:   27 | Columna:    0
Token: ID                   | Valor: Println                        | Línea:   27 | Columna:   13
Token: LPAREN               | Valor: (                              | Línea:   27 | Columna:    0
Token: STRING_LITERAL       | Valor: Calificación: B                | Línea:   27 | Columna:   21
Token: RPAREN               | Valor: )                              | Línea:   27 | Columna:    0
Token: RBRACE               | Valor: }                              | Línea:   28 | Columna:    0
Token: ELSE                 | Valor: else                           | Línea:   28 | Columna:    7
Token: IF                   | Valor: if                             | Línea:   28 | Columna:   12
Token: ID                   | Valor: puntuacion                     | Línea:   28 | Columna:   15
Token: GE                   | Valor: >=                             | Línea:   28 | Columna:    0
Token: INT_LITERAL          | Valor: 70                             | Línea:   28 | Columna:   29
Token: LBRACE               | Valor: {                              | Línea:   28 | Columna:    0
Token: ID                   | Valor: fmt                            | Línea:   29 | Columna:    9
Token: DOT                  | Valor: .                              | Línea:   29 | Columna:    0
Token: ID                   | Valor: Println                        | Línea:   29 | Columna:   13
Token: LPAREN               | Valor: (                              | Línea:   29 | Columna:    0
Token: STRING_LITERAL       | Valor: Calificación: C                | Línea:   29 | Columna:   21
Token: RPAREN               | Valor: )                              | Línea:   29 | Columna:    0
Token: RBRACE               | Valor: }                              | Línea:   30 | Columna:    0
Token: ELSE                 | Valor: else                           | Línea:   30 | Columna:    7
Token: LBRACE               | Valor: {                              | Línea:   30 | Columna:    0
Token: ID                   | Valor: fmt                            | Línea:   31 | Columna:    9
Token: DOT                  | Valor: .                              | Línea:   31 | Columna:    0
Token: ID                   | Valor: Println                        | Línea:   31 | Columna:   13
Token: LPAREN               | Valor: (                              | Línea:   31 | Columna:    0
Token: STRING_LITERAL       | Valor: Calificación: Reprobado        | Línea:   31 | Columna:   21
Token: RPAREN               | Valor: )                              | Línea:   31 | Columna:    0
Token: RBRACE               | Valor: }                              | Línea:   32 | Columna:    0
Token: IF                   | Valor: if                             | Línea:   35 | Columna:    5
Token: ID                   | Valor: valor                          | Línea:   35 | Columna:    8
Token: DECLARE_ASSIGN       | Valor: :=                             | Línea:   35 | Columna:    0
Token: ID                   | Valor: calcularPromedio               | Línea:   35 | Columna:   17
Token: LPAREN               | Valor: (                              | Línea:   35 | Columna:    0
Token: INT_LITERAL          | Valor: 80                             | Línea:   35 | Columna:   34
Token: COMMA                | Valor: ,                              | Línea:   35 | Columna:    0
Token: INT_LITERAL          | Valor: 90                             | Línea:   35 | Columna:   38
Token: RPAREN               | Valor: )                              | Línea:   35 | Columna:    0
Token: SEMICOLON            | Valor: ;                              | Línea:   35 | Columna:    0
Token: ID                   | Valor: valor                          | Línea:   35 | Columna:   43
Token: GT                   | Valor: >                              | Línea:   35 | Columna:    0
Token: INT_LITERAL          | Valor: 75                             | Línea:   35 | Columna:   51
Token: LBRACE               | Valor: {                              | Línea:   35 | Columna:    0
Token: ID                   | Valor: fmt                            | Línea:   36 | Columna:    9
Token: DOT                  | Valor: .                              | Línea:   36 | Columna:    0
Token: ID                   | Valor: Println                        | Línea:   36 | Columna:   13
Token: LPAREN               | Valor: (                              | Línea:   36 | Columna:    0
Token: STRING_LITERAL       | Valor: Promedio aprobado:             | Línea:   36 | Columna:   21
Token: COMMA                | Valor: ,                              | Línea:   36 | Columna:    0
Token: ID                   | Valor: valor                          | Línea:   36 | Columna:   43
Token: RPAREN               | Valor: )                              | Línea:   36 | Columna:    0
Token: RBRACE               | Valor: }                              | Línea:   37 | Columna:    0
Token: ID                   | Valor: esAdulto                       | Línea:   40 | Columna:    5
Token: DECLARE_ASSIGN       | Valor: :=                             | Línea:   40 | Columna:    0
Token: ID                   | Valor: edad                           | Línea:   40 | Columna:   17
Token: GE                   | Valor: >=                             | Línea:   40 | Columna:    0
Token: INT_LITERAL          | Valor: 18                             | Línea:   40 | Columna:   25
Token: AND                  | Valor: &&                             | Línea:   40 | Columna:    0
Token: ID                   | Valor: edad                           | Línea:   40 | Columna:   31
Token: LE                   | Valor: <=                             | Línea:   40 | Columna:    0
Token: INT_LITERAL          | Valor: 65                             | Línea:   40 | Columna:   39
Token: ID                   | Valor: tieneAcceso                    | Línea:   41 | Columna:    5
Token: DECLARE_ASSIGN       | Valor: :=                             | Línea:   41 | Columna:    0
Token: ID                   | Valor: esAdulto                       | Línea:   41 | Columna:   20
Token: OR                   | Valor: ||                             | Línea:   41 | Columna:    0
Token: ID                   | Valor: puntuacion                     | Línea:   41 | Columna:   32
Token: GT                   | Valor: >                              | Línea:   41 | Columna:    0
Token: INT_LITERAL          | Valor: 80                             | Línea:   41 | Columna:   45
Token: ID                   | Valor: noEstaVacio                    | Línea:   42 | Columna:    5
Token: DECLARE_ASSIGN       | Valor: :=                             | Línea:   42 | Columna:    0
Token: NOT                  | Valor: !                              | Línea:   42 | Columna:    0
Token: LPAREN               | Valor: (                              | Línea:   42 | Columna:    0
Token: ID                   | Valor: dia                            | Línea:   42 | Columna:   22
Token: EQ                   | Valor: ==                             | Línea:   42 | Columna:    0
Token: STRING_LITERAL       | Valor:                                | Línea:   42 | Columna:   29
Token: RPAREN               | Valor: )                              | Línea:   42 | Columna:    0
Token: ID                   | Valor: fmt                            | Línea:   44 | Columna:    5
Token: DOT                  | Valor: .                              | Línea:   44 | Columna:    0
Token: ID                   | Valor: Println                        | Línea:   44 | Columna:    9
Token: LPAREN               | Valor: (                              | Línea:   44 | Columna:    0
Token: STRING_LITERAL       | Valor: Es adulto:                     | Línea:   44 | Columna:   17
Token: COMMA                | Valor: ,                              | Línea:   44 | Columna:    0
Token: ID                   | Valor: esAdulto                       | Línea:   44 | Columna:   31
Token: RPAREN               | Valor: )                              | Línea:   44 | Columna:    0
Token: ID                   | Valor: fmt                            | Línea:   45 | Columna:    5
Token: DOT                  | Valor: .                              | Línea:   45 | Columna:    0
Token: ID                   | Valor: Println                        | Línea:   45 | Columna:    9
Token: LPAREN               | Valor: (                              | Línea:   45 | Columna:    0
Token: STRING_LITERAL       | Valor: Tiene acceso:                  | Línea:   45 | Columna:   17
Token: COMMA                | Valor: ,                              | Línea:   45 | Columna:    0
Token: ID                   | Valor: tieneAcceso                    | Línea:   45 | Columna:   34
Token: RPAREN               | Valor: )                              | Línea:   45 | Columna:    0
Token: ID                   | Valor: fmt                            | Línea:   46 | Columna:    5
Token: DOT                  | Valor: .                              | Línea:   46 | Columna:    0
Token: ID                   | Valor: Println                        | Línea:   46 | Columna:    9
Token: LPAREN               | Valor: (                              | Línea:   46 | Columna:    0
Token: STRING_LITERAL       | Valor: No está vacío:                 | Línea:   46 | Columna:   17
Token: COMMA                | Valor: ,                              | Línea:   46 | Columna:    0
Token: ID                   | Valor: noEstaVacio                    | Línea:   46 | Columna:   35
Token: RPAREN               | Valor: )                              | Línea:   46 | Columna:    0
Token: ID                   | Valor: fmt                            | Línea:   49 | Columna:    5
Token: DOT                  | Valor: .                              | Línea:   49 | Columna:    0
Token: ID                   | Valor: Println                        | Línea:   49 | Columna:    9
Token: LPAREN               | Valor: (                              | Línea:   49 | Columna:    0
Token: STRING_LITERAL       | Valor: Conteo del 1 al 5:             | Línea:   49 | Columna:   17
Token: RPAREN               | Valor: )                              | Línea:   49 | Columna:    0
Token: FOR                  | Valor: for                            | Línea:   50 | Columna:    5
Token: ID                   | Valor: i                              | Línea:   50 | Columna:    9
Token: DECLARE_ASSIGN       | Valor: :=                             | Línea:   50 | Columna:    0
Token: INT_LITERAL          | Valor: 1                              | Línea:   50 | Columna:   14
Token: SEMICOLON            | Valor: ;                              | Línea:   50 | Columna:    0
Token: ID                   | Valor: i                              | Línea:   50 | Columna:   17
Token: LE                   | Valor: <=                             | Línea:   50 | Columna:    0
Token: INT_LITERAL          | Valor: 5                              | Línea:   50 | Columna:   22
Token: SEMICOLON            | Valor: ;                              | Línea:   50 | Columna:    0
Token: ID                   | Valor: i                              | Línea:   50 | Columna:   25
Token: INCREMENT            | Valor: ++                             | Línea:   50 | Columna:    0
Token: LBRACE               | Valor: {                              | Línea:   50 | Columna:    0
Token: ID                   | Valor: fmt                            | Línea:   51 | Columna:    9
Token: DOT                  | Valor: .                              | Línea:   51 | Columna:    0
Token: ID                   | Valor: Println                        | Línea:   51 | Columna:   13
Token: LPAREN               | Valor: (                              | Línea:   51 | Columna:    0
Token: ID                   | Valor: i                              | Línea:   51 | Columna:   21
Token: RPAREN               | Valor: )                              | Línea:   51 | Columna:    0
Token: RBRACE               | Valor: }                              | Línea:   52 | Columna:    0
Token: ID                   | Valor: contador                       | Línea:   55 | Columna:    5
Token: DECLARE_ASSIGN       | Valor: :=                             | Línea:   55 | Columna:    0
Token: INT_LITERAL          | Valor: 0                              | Línea:   55 | Columna:   17
Token: FOR                  | Valor: for                            | Línea:   56 | Columna:    5
Token: ID                   | Valor: contador                       | Línea:   56 | Columna:    9
Token: LT                   | Valor: <                              | Línea:   56 | Columna:    0
Token: INT_LITERAL          | Valor: 3                              | Línea:   56 | Columna:   20
Token: LBRACE               | Valor: {                              | Línea:   56 | Columna:    0
Token: ID                   | Valor: fmt                            | Línea:   57 | Columna:    9
Token: DOT                  | Valor: .                              | Línea:   57 | Columna:    0
Token: ID                   | Valor: Println                        | Línea:   57 | Columna:   13
Token: LPAREN               | Valor: (                              | Línea:   57 | Columna:    0
Token: STRING_LITERAL       | Valor: Contador:                      | Línea:   57 | Columna:   21
Token: COMMA                | Valor: ,                              | Línea:   57 | Columna:    0
Token: ID                   | Valor: contador                       | Línea:   57 | Columna:   34
Token: RPAREN               | Valor: )                              | Línea:   57 | Columna:    0
Token: ID                   | Valor: contador                       | Línea:   58 | Columna:    9
Token: INCREMENT            | Valor: ++                             | Línea:   58 | Columna:    0
Token: RBRACE               | Valor: }                              | Línea:   59 | Columna:    0
Token: ID                   | Valor: fmt                            | Línea:   62 | Columna:    5
Token: DOT                  | Valor: .                              | Línea:   62 | Columna:    0
Token: ID                   | Valor: Println                        | Línea:   62 | Columna:    9
Token: LPAREN               | Valor: (                              | Línea:   62 | Columna:    0
Token: STRING_LITERAL       | Valor: Números en el arreglo:         | Línea:   62 | Columna:   17
Token: RPAREN               | Valor: )                              | Línea:   62 | Columna:    0
Token: FOR                  | Valor: for                            | Línea:   63 | Columna:    5
Token: ID                   | Valor: indice                         | Línea:   63 | Columna:    9
Token: COMMA                | Valor: ,                              | Línea:   63 | Columna:    0
Token: ID                   | Valor: valor                          | Línea:   63 | Columna:   17
Token: DECLARE_ASSIGN       | Valor: :=                             | Línea:   63 | Columna:    0
Token: RANGE                | Valor: range                          | Línea:   63 | Columna:   26
Token: ID                   | Valor: numeros                        | Línea:   63 | Columna:   32
Token: LBRACE               | Valor: {                              | Línea:   63 | Columna:    0
Token: IF                   | Valor: if                             | Línea:   64 | Columna:    9
Token: ID                   | Valor: valor                          | Línea:   64 | Columna:   12
Token: MOD                  | Valor: %                              | Línea:   64 | Columna:    0
Token: INT_LITERAL          | Valor: 2                              | Línea:   64 | Columna:   20
Token: EQ                   | Valor: ==                             | Línea:   64 | Columna:    0
Token: INT_LITERAL          | Valor: 0                              | Línea:   64 | Columna:   25
Token: LBRACE               | Valor: {                              | Línea:   64 | Columna:    0
Token: ID                   | Valor: fmt                            | Línea:   65 | Columna:   13
Token: DOT                  | Valor: .                              | Línea:   65 | Columna:    0
Token: ID                   | Valor: Println                        | Línea:   65 | Columna:   17
Token: LPAREN               | Valor: (                              | Línea:   65 | Columna:    0
Token: STRING_LITERAL       | Valor: Índice                         | Línea:   65 | Columna:   25
Token: COMMA                | Valor: ,                              | Línea:   65 | Columna:    0
Token: ID                   | Valor: indice                         | Línea:   65 | Columna:   35
Token: COMMA                | Valor: ,                              | Línea:   65 | Columna:    0
Token: STRING_LITERAL       | Valor: - Número par:                  | Línea:   65 | Columna:   43
Token: COMMA                | Valor: ,                              | Línea:   65 | Columna:    0
Token: ID                   | Valor: valor                          | Línea:   65 | Columna:   60
Token: RPAREN               | Valor: )                              | Línea:   65 | Columna:    0
Token: RBRACE               | Valor: }                              | Línea:   66 | Columna:    0
Token: RBRACE               | Valor: }                              | Línea:   67 | Columna:    0
Token: SWITCH               | Valor: switch                         | Línea:   70 | Columna:    5
Token: ID                   | Valor: dia                            | Línea:   70 | Columna:   12
Token: LBRACE               | Valor: {                              | Línea:   70 | Columna:    0
Token: CASE                 | Valor: case                           | Línea:   71 | Columna:    5
Token: STRING_LITERAL       | Valor: lunes                          | Línea:   71 | Columna:   10
Token: COLON                | Valor: :                              | Línea:   71 | Columna:    0
Token: ID                   | Valor: fmt                            | Línea:   72 | Columna:    9
Token: DOT                  | Valor: .                              | Línea:   72 | Columna:    0
Token: ID                   | Valor: Println                        | Línea:   72 | Columna:   13
Token: LPAREN               | Valor: (                              | Línea:   72 | Columna:    0
Token: STRING_LITERAL       | Valor: Inicio de semana               | Línea:   72 | Columna:   21
Token: RPAREN               | Valor: )                              | Línea:   72 | Columna:    0
Token: CASE                 | Valor: case                           | Línea:   73 | Columna:    5
Token: STRING_LITERAL       | Valor: viernes                        | Línea:   73 | Columna:   10
Token: COLON                | Valor: :                              | Línea:   73 | Columna:    0
Token: ID                   | Valor: fmt                            | Línea:   74 | Columna:    9
Token: DOT                  | Valor: .                              | Línea:   74 | Columna:    0
Token: ID                   | Valor: Println                        | Línea:   74 | Columna:   13
Token: LPAREN               | Valor: (                              | Línea:   74 | Columna:    0
Token: STRING_LITERAL       | Valor: Fin de semana laboral          | Línea:   74 | Columna:   21
Token: RPAREN               | Valor: )                              | Línea:   74 | Columna:    0
Token: CASE                 | Valor: case                           | Línea:   75 | Columna:    5
Token: STRING_LITERAL       | Valor: sábado                         | Línea:   75 | Columna:   10
Token: COMMA                | Valor: ,                              | Línea:   75 | Columna:    0
Token: STRING_LITERAL       | Valor: domingo                        | Línea:   75 | Columna:   20
Token: COLON                | Valor: :                              | Línea:   75 | Columna:    0
Token: ID                   | Valor: fmt                            | Línea:   76 | Columna:    9
Token: DOT                  | Valor: .                              | Línea:   76 | Columna:    0
Token: ID                   | Valor: Println                        | Línea:   76 | Columna:   13
Token: LPAREN               | Valor: (                              | Línea:   76 | Columna:    0
Token: STRING_LITERAL       | Valor: Fin de semana                  | Línea:   76 | Columna:   21
Token: RPAREN               | Valor: )                              | Línea:   76 | Columna:    0
Token: DEFAULT              | Valor: default                        | Línea:   77 | Columna:    5
Token: COLON                | Valor: :                              | Línea:   77 | Columna:    0
Token: ID                   | Valor: fmt                            | Línea:   78 | Columna:    9
Token: DOT                  | Valor: .                              | Línea:   78 | Columna:    0
Token: ID                   | Valor: Println                        | Línea:   78 | Columna:   13
Token: LPAREN               | Valor: (                              | Línea:   78 | Columna:    0
Token: STRING_LITERAL       | Valor: Día de semana regular          | Línea:   78 | Columna:   21
Token: RPAREN               | Valor: )                              | Línea:   78 | Columna:    0
Token: RBRACE               | Valor: }                              | Línea:   79 | Columna:    0
Token: SWITCH               | Valor: switch                         | Línea:   82 | Columna:    5
Token: LBRACE               | Valor: {                              | Línea:   82 | Columna:    0
Token: CASE                 | Valor: case                           | Línea:   83 | Columna:    5
Token: ID                   | Valor: edad                           | Línea:   83 | Columna:   10
Token: LT                   | Valor: <                              | Línea:   83 | Columna:    0
Token: INT_LITERAL          | Valor: 13                             | Línea:   83 | Columna:   17
Token: COLON                | Valor: :                              | Línea:   83 | Columna:    0
Token: ID                   | Valor: fmt                            | Línea:   84 | Columna:    9
Token: DOT                  | Valor: .                              | Línea:   84 | Columna:    0
Token: ID                   | Valor: Println                        | Línea:   84 | Columna:   13
Token: LPAREN               | Valor: (                              | Línea:   84 | Columna:    0
Token: STRING_LITERAL       | Valor: Categoría: Niño                | Línea:   84 | Columna:   21
Token: RPAREN               | Valor: )                              | Línea:   84 | Columna:    0
Token: CASE                 | Valor: case                           | Línea:   85 | Columna:    5
Token: ID                   | Valor: edad                           | Línea:   85 | Columna:   10
Token: LT                   | Valor: <                              | Línea:   85 | Columna:    0
Token: INT_LITERAL          | Valor: 20                             | Línea:   85 | Columna:   17
Token: COLON                | Valor: :                              | Línea:   85 | Columna:    0
Token: ID                   | Valor: fmt                            | Línea:   86 | Columna:    9
Token: DOT                  | Valor: .                              | Línea:   86 | Columna:    0
Token: ID                   | Valor: Println                        | Línea:   86 | Columna:   13
Token: LPAREN               | Valor: (                              | Línea:   86 | Columna:    0
Token: STRING_LITERAL       | Valor: Categoría: Adolescente         | Línea:   86 | Columna:   21
Token: RPAREN               | Valor: )                              | Línea:   86 | Columna:    0
Token: CASE                 | Valor: case                           | Línea:   87 | Columna:    5
Token: ID                   | Valor: edad                           | Línea:   87 | Columna:   10
Token: LT                   | Valor: <                              | Línea:   87 | Columna:    0
Token: INT_LITERAL          | Valor: 60                             | Línea:   87 | Columna:   17
Token: COLON                | Valor: :                              | Línea:   87 | Columna:    0
Token: ID                   | Valor: fmt                            | Línea:   88 | Columna:    9
Token: DOT                  | Valor: .                              | Línea:   88 | Columna:    0
Token: ID                   | Valor: Println                        | Línea:   88 | Columna:   13
Token: LPAREN               | Valor: (                              | Línea:   88 | Columna:    0
Token: STRING_LITERAL       | Valor: Categoría: Adulto              | Línea:   88 | Columna:   21
Token: RPAREN               | Valor: )                              | Línea:   88 | Columna:    0
Token: DEFAULT              | Valor: default                        | Línea:   89 | Columna:    5
Token: COLON                | Valor: :                              | Línea:   89 | Columna:    0
Token: ID                   | Valor: fmt                            | Línea:   90 | Columna:    9
Token: DOT                  | Valor: .                              | Línea:   90 | Columna:    0
Token: ID                   | Valor: Println                        | Línea:   90 | Columna:   13
Token: LPAREN               | Valor: (                              | Línea:   90 | Columna:    0
Token: STRING_LITERAL       | Valor: Categoría: Adulto Mayor        | Línea:   90 | Columna:   21
Token: RPAREN               | Valor: )                              | Línea:   90 | Columna:    0
Token: RBRACE               | Valor: }                              | Línea:   91 | Columna:    0
Token: SWITCH               | Valor: switch                         | Línea:   94 | Columna:    5
Token: ID                   | Valor: resultado                      | Línea:   94 | Columna:   12
Token: DECLARE_ASSIGN       | Valor: :=                             | Línea:   94 | Columna:    0
Token: ID                   | Valor: evaluarNota                    | Línea:   94 | Columna:   25
Token: LPAREN               | Valor: (                              | Línea:   94 | Columna:    0
Token: ID                   | Valor: puntuacion                     | Línea:   94 | Columna:   37
Token: RPAREN               | Valor: )                              | Línea:   94 | Columna:    0
Token: SEMICOLON            | Valor: ;                              | Línea:   94 | Columna:    0
Token: ID                   | Valor: resultado                      | Línea:   94 | Columna:   50
Token: LBRACE               | Valor: {                              | Línea:   94 | Columna:    0
Token: CASE                 | Valor: case                           | Línea:   95 | Columna:    5
Token: STRING_LITERAL       | Valor: Excelente                      | Línea:   95 | Columna:   10
Token: COLON                | Valor: :                              | Línea:   95 | Columna:    0
Token: ID                   | Valor: fmt                            | Línea:   96 | Columna:    9
Token: DOT                  | Valor: .                              | Línea:   96 | Columna:    0
Token: ID                   | Valor: Println                        | Línea:   96 | Columna:   13
Token: LPAREN               | Valor: (                              | Línea:   96 | Columna:    0
Token: STRING_LITERAL       | Valor: ¡Felicitaciones!               | Línea:   96 | Columna:   21
Token: RPAREN               | Valor: )                              | Línea:   96 | Columna:    0
Token: CASE                 | Valor: case                           | Línea:   97 | Columna:    5
Token: STRING_LITERAL       | Valor: Bueno                          | Línea:   97 | Columna:   10
Token: COLON                | Valor: :                              | Línea:   97 | Columna:    0
Token: ID                   | Valor: fmt                            | Línea:   98 | Columna:    9
Token: DOT                  | Valor: .                              | Línea:   98 | Columna:    0
Token: ID                   | Valor: Println                        | Línea:   98 | Columna:   13
Token: LPAREN               | Valor: (                              | Línea:   98 | Columna:    0
Token: STRING_LITERAL       | Valor: Buen trabajo                   | Línea:   98 | Columna:   21
Token: RPAREN               | Valor: )                              | Línea:   98 | Columna:    0
Token: DEFAULT              | Valor: default                        | Línea:   99 | Columna:    5
Token: COLON                | Valor: :                              | Línea:   99 | Columna:    0
Token: ID                   | Valor: fmt                            | Línea:  100 | Columna:    9
Token: DOT                  | Valor: .                              | Línea:  100 | Columna:    0
Token: ID                   | Valor: Println                        | Línea:  100 | Columna:   13
Token: LPAREN               | Valor: (                              | Línea:  100 | Columna:    0
Token: STRING_LITERAL       | Valor: Puede mejorar                  | Línea:  100 | Columna:   21
Token: RPAREN               | Valor: )                              | Línea:  100 | Columna:    0
Token: RBRACE               | Valor: }                              | Línea:  101 | Columna:    0
Token: ID                   | Valor: a                              | Línea:  104 | Columna:    5
Token: DECLARE_ASSIGN       | Valor: :=                             | Línea:  104 | Columna:    0
Token: INT_LITERAL          | Valor: 10                             | Línea:  104 | Columna:   10
Token: ID                   | Valor: b                              | Línea:  105 | Columna:    5
Token: DECLARE_ASSIGN       | Valor: :=                             | Línea:  105 | Columna:    0
Token: INT_LITERAL          | Valor: 20                             | Línea:  105 | Columna:   10
Token: ID                   | Valor: fmt                            | Línea:  106 | Columna:    5
Token: DOT                  | Valor: .                              | Línea:  106 | Columna:    0
Token: ID                   | Valor: Println                        | Línea:  106 | Columna:    9
Token: LPAREN               | Valor: (                              | Línea:  106 | Columna:    0
Token: STRING_LITERAL       | Valor: a == b:                        | Línea:  106 | Columna:   17
Token: COMMA                | Valor: ,                              | Línea:  106 | Columna:    0
Token: ID                   | Valor: a                              | Línea:  106 | Columna:   28
Token: EQ                   | Valor: ==                             | Línea:  106 | Columna:    0
Token: ID                   | Valor: b                              | Línea:  106 | Columna:   33
Token: RPAREN               | Valor: )                              | Línea:  106 | Columna:    0
Token: ID                   | Valor: fmt                            | Línea:  107 | Columna:    5
Token: DOT                  | Valor: .                              | Línea:  107 | Columna:    0
Token: ID                   | Valor: Println                        | Línea:  107 | Columna:    9
Token: LPAREN               | Valor: (                              | Línea:  107 | Columna:    0
Token: STRING_LITERAL       | Valor: a != b:                        | Línea:  107 | Columna:   17
Token: COMMA                | Valor: ,                              | Línea:  107 | Columna:    0
Token: ID                   | Valor: a                              | Línea:  107 | Columna:   28
Token: NE                   | Valor: !=                             | Línea:  107 | Columna:    0
Token: ID                   | Valor: b                              | Línea:  107 | Columna:   33
Token: RPAREN               | Valor: )                              | Línea:  107 | Columna:    0
Token: ID                   | Valor: fmt                            | Línea:  108 | Columna:    5
Token: DOT                  | Valor: .                              | Línea:  108 | Columna:    0
Token: ID                   | Valor: Println                        | Línea:  108 | Columna:    9
Token: LPAREN               | Valor: (                              | Línea:  108 | Columna:    0
Token: STRING_LITERAL       | Valor: a < b:                         | Línea:  108 | Columna:   17
Token: COMMA                | Valor: ,                              | Línea:  108 | Columna:    0
Token: ID                   | Valor: a                              | Línea:  108 | Columna:   27
Token: LT                   | Valor: <                              | Línea:  108 | Columna:    0
Token: ID                   | Valor: b                              | Línea:  108 | Columna:   31
Token: RPAREN               | Valor: )                              | Línea:  108 | Columna:    0
Token: ID                   | Valor: fmt                            | Línea:  109 | Columna:    5
Token: DOT                  | Valor: .                              | Línea:  109 | Columna:    0
Token: ID                   | Valor: Println                        | Línea:  109 | Columna:    9
Token: LPAREN               | Valor: (                              | Línea:  109 | Columna:    0
Token: STRING_LITERAL       | Valor: a <= b:                        | Línea:  109 | Columna:   17
Token: COMMA                | Valor: ,                              | Línea:  109 | Columna:    0
Token: ID                   | Valor: a                              | Línea:  109 | Columna:   28
Token: LE                   | Valor: <=                             | Línea:  109 | Columna:    0
Token: ID                   | Valor: b                              | Línea:  109 | Columna:   33
Token: RPAREN               | Valor: )                              | Línea:  109 | Columna:    0
Token: ID                   | Valor: fmt                            | Línea:  110 | Columna:    5
Token: DOT                  | Valor: .                              | Línea:  110 | Columna:    0
Token: ID                   | Valor: Println                        | Línea:  110 | Columna:    9
Token: LPAREN               | Valor: (                              | Línea:  110 | Columna:    0
Token: STRING_LITERAL       | Valor: a > b:                         | Línea:  110 | Columna:   17
Token: COMMA                | Valor: ,                              | Línea:  110 | Columna:    0
Token: ID                   | Valor: a                              | Línea:  110 | Columna:   27
Token: GT                   | Valor: >                              | Línea:  110 | Columna:    0
Token: ID                   | Valor: b                              | Línea:  110 | Columna:   31
Token: RPAREN               | Valor: )                              | Línea:  110 | Columna:    0
Token: ID                   | Valor: fmt                            | Línea:  111 | Columna:    5
Token: DOT                  | Valor: .                              | Línea:  111 | Columna:    0
Token: ID                   | Valor: Println                        | Línea:  111 | Columna:    9
Token: LPAREN               | Valor: (                              | Línea:  111 | Columna:    0
Token: STRING_LITERAL       | Valor: a >= b:                        | Línea:  111 | Columna:   17
Token: COMMA                | Valor: ,                              | Línea:  111 | Columna:    0
Token: ID                   | Valor: a                              | Línea:  111 | Columna:   28
Token: GE                   | Valor: >=                             | Línea:  111 | Columna:    0
Token: ID                   | Valor: b                              | Línea:  111 | Columna:   33
Token: RPAREN               | Valor: )                              | Línea:  111 | Columna:    0
Token: RBRACE               | Valor: }                              | Línea:  112 | Columna:    0
Token: FUNC                 | Valor: func                           | Línea:  114 | Columna:    1
Token: ID                   | Valor: calcularPromedio               | Línea:  114 | Columna:    6
Token: LPAREN               | Valor: (                              | Línea:  114 | Columna:    0
Token: ID                   | Valor: nota1                          | Línea:  114 | Columna:   23
Token: ID                   | Valor: int                            | Línea:  114 | Columna:   29
Token: COMMA                | Valor: ,                              | Línea:  114 | Columna:    0
Token: ID                   | Valor: nota2                          | Línea:  114 | Columna:   34
Token: ID                   | Valor: int                            | Línea:  114 | Columna:   40
Token: RPAREN               | Valor: )                              | Línea:  114 | Columna:    0
Token: ID                   | Valor: int                            | Línea:  114 | Columna:   45
Token: LBRACE               | Valor: {                              | Línea:  114 | Columna:    0
Token: RETURN               | Valor: return                         | Línea:  115 | Columna:    5
Token: LPAREN               | Valor: (                              | Línea:  115 | Columna:    0
Token: ID                   | Valor: nota1                          | Línea:  115 | Columna:   13
Token: PLUS                 | Valor: +                              | Línea:  115 | Columna:    0
Token: ID                   | Valor: nota2                          | Línea:  115 | Columna:   21
Token: RPAREN               | Valor: )                              | Línea:  115 | Columna:    0
Token: DIVIDE               | Valor: /                              | Línea:  115 | Columna:    0
Token: INT_LITERAL          | Valor: 2                              | Línea:  115 | Columna:   30
Token: RBRACE               | Valor: }                              | Línea:  116 | Columna:    0
Token: FUNC                 | Valor: func                           | Línea:  118 | Columna:    1
Token: ID                   | Valor: evaluarNota                    | Línea:  118 | Columna:    6
Token: LPAREN               | Valor: (                              | Línea:  118 | Columna:    0
Token: ID                   | Valor: puntos                         | Línea:  118 | Columna:   18
Token: ID                   | Valor: int                            | Línea:  118 | Columna:   25
Token: RPAREN               | Valor: )                              | Línea:  118 | Columna:    0
Token: ID                   | Valor: string                         | Línea:  118 | Columna:   30
Token: LBRACE               | Valor: {                              | Línea:  118 | Columna:    0
Token: IF                   | Valor: if                             | Línea:  119 | Columna:    5
Token: ID                   | Valor: puntos                         | Línea:  119 | Columna:    8
Token: GE                   | Valor: >=                             | Línea:  119 | Columna:    0
Token: INT_LITERAL          | Valor: 90                             | Línea:  119 | Columna:   18
Token: LBRACE               | Valor: {                              | Línea:  119 | Columna:    0
Token: RETURN               | Valor: return                         | Línea:  120 | Columna:    9
Token: STRING_LITERAL       | Valor: Excelente                      | Línea:  120 | Columna:   16
Token: RBRACE               | Valor: }                              | Línea:  121 | Columna:    0
Token: ELSE                 | Valor: else                           | Línea:  121 | Columna:    7
Token: IF                   | Valor: if                             | Línea:  121 | Columna:   12
Token: ID                   | Valor: puntos                         | Línea:  121 | Columna:   15
Token: GE                   | Valor: >=                             | Línea:  121 | Columna:    0
Token: INT_LITERAL          | Valor: 70                             | Línea:  121 | Columna:   25
Token: LBRACE               | Valor: {                              | Línea:  121 | Columna:    0
Token: RETURN               | Valor: return                         | Línea:  122 | Columna:    9
Token: STRING_LITERAL       | Valor: Bueno                          | Línea:  122 | Columna:   16
Token: RBRACE               | Valor: }                              | Línea:  123 | Columna:    0
Token: RETURN               | Valor: return                         | Línea:  124 | Columna:    5
Token: STRING_LITERAL       | Valor: Regular                        | Línea:  124 | Columna:   12
Token: RBRACE               | Valor: }                              | Línea:  125 | Columna:    0

================================================================================
RESUMEN DEL ANÁLISIS
================================================================================
Total de tokens reconocidos: 499
Total de errores encontrados: 0
